0 info it worked if it ends with ok
1 verbose cli [ '/usr/bin/node', '/usr/bin/npm', 'run', 'prod' ]
2 info using npm@3.10.8
3 info using node@v6.9.1
4 verbose run-script [ 'preprod', 'prod', 'postprod' ]
5 info lifecycle @~preprod: @
6 silly lifecycle @~preprod: no script for preprod, continuing
7 info lifecycle @~prod: @
8 verbose lifecycle @~prod: unsafe-perm in lifecycle true
9 verbose lifecycle @~prod: PATH: /usr/lib/node_modules/npm/bin/node-gyp-bin:/public_html/staging/fo/development/node_modules/.bin:/usr/bin
10 verbose lifecycle @~prod: CWD: /public_html/staging/fo/development
11 silly lifecycle @~prod: Args: [ '-c', 'gulp --production' ]
12 info lifecycle @~prod: Failed to exec prod script
13 verbose stack Error: @ prod: `gulp --production`
13 verbose stack spawn sh ENOENT
13 verbose stack     at exports._errnoException (util.js:1026:11)
13 verbose stack     at Process.ChildProcess._handle.onexit (internal/child_process.js:193:32)
13 verbose stack     at onErrorNT (internal/child_process.js:359:16)
13 verbose stack     at _combinedTickCallback (internal/process/next_tick.js:74:11)
13 verbose stack     at process._tickCallback (internal/process/next_tick.js:98:9)
14 verbose pkgid @
15 verbose cwd /public_html/staging/fo/development
16 error Linux 2.6.32-642.6.2.el6.x86_64
17 error argv "/usr/bin/node" "/usr/bin/npm" "run" "prod"
18 error node v6.9.1
19 error npm  v3.10.8
20 error file sh
21 error path sh
22 error code ELIFECYCLE
23 error errno ENOENT
24 error syscall spawn sh
25 error @ prod: `gulp --production`
25 error spawn sh ENOENT
26 error Failed at the @ prod script 'gulp --production'.
26 error Make sure you have the latest version of node.js and npm installed.
26 error If you do, this is most likely a problem with the  package,
26 error not with npm itself.
26 error Tell the author that this fails on your system:
26 error     gulp --production
26 error You can get information on how to open an issue for this project with:
26 error     npm bugs
26 error Or if that isn't available, you can get their info via:
26 error     npm owner ls
26 error There is likely additional logging output above.
27 verbose exit [ 1, true ]
